2026-03-14 14:45:09.157 -07:00 [INF] Executed DbCommand (209ms) [Parameters=[], CommandType='"Text"', CommandTimeout='30']
ALTER TABLE `Roles` MODIFY COLUMN `Id` INT NOT NULL AUTO_INCREMENT
2026-03-14 14:45:09.208 -07:00 [INF] Executed DbCommand (16ms) [Parameters=[], CommandType='"Text"', CommandTimeout='30']
ALTER TABLE `Users` MODIFY COLUMN `Id` INT NOT NULL AUTO_INCREMENT
2026-03-14 14:45:09.228 -07:00 [INF] Executed DbCommand (20ms) [Parameters=[], CommandType='"Text"', CommandTimeout='30']
ALTER TABLE `Surveys` MODIFY COLUMN `Id` INT NOT NULL AUTO_INCREMENT
2026-03-14 14:45:09.239 -07:00 [INF] Executed DbCommand (10ms) [Parameters=[], CommandType='"Text"', CommandTimeout='30']
ALTER TABLE `Questions` MODIFY COLUMN `Id` INT NOT NULL AUTO_INCREMENT
2026-03-14 14:45:09.247 -07:00 [INF] Executed DbCommand (8ms) [Parameters=[], CommandType='"Text"', CommandTimeout='30']
ALTER TABLE `SurveyResponses` MODIFY COLUMN `Id` INT NOT NULL AUTO_INCREMENT
2026-03-14 14:45:09.255 -07:00 [INF] Executed DbCommand (7ms) [Parameters=[], CommandType='"Text"', CommandTimeout='30']
ALTER TABLE `Answers` MODIFY COLUMN `Id` INT NOT NULL AUTO_INCREMENT
2026-03-14 14:45:09.401 -07:00 [INF] Executed DbCommand (11ms) [Parameters=[], CommandType='"Text"', CommandTimeout='30']
SELECT EXISTS (
    SELECT 1
    FROM `Roles` AS `r`)
2026-03-14 14:45:09.456 -07:00 [INF] Executed DbCommand (4ms) [Parameters=[], CommandType='"Text"', CommandTimeout='30']
SELECT `r`.`Id`, `r`.`Name`
FROM `Roles` AS `r`
WHERE `r`.`Name` = 'Admin'
LIMIT 1
2026-03-14 14:45:09.515 -07:00 [INF] Executed DbCommand (20ms) [Parameters=[@__adminRole_Id_0='?' (DbType = Int32)], CommandType='"Text"', CommandTimeout='30']
SELECT EXISTS (
    SELECT 1
    FROM `Users` AS `u`
    WHERE `u`.`RoleId` = @__adminRole_Id_0)
2026-03-14 14:45:09.533 -07:00 [INF] User profile is available. Using 'C:\Users\shari\AppData\Local\ASP.NET\DataProtection-Keys' as key repository and Windows DPAPI to encrypt keys at rest.
2026-03-14 14:45:09.623 -07:00 [INF] Now listening on: http://localhost:5008
2026-03-14 14:45:09.624 -07:00 [INF] Application started. Press Ctrl+C to shut down.
2026-03-14 14:45:09.625 -07:00 [INF] Hosting environment: Development
2026-03-14 14:45:09.625 -07:00 [INF] Content root path: C:\Users\shari\NetProjects\survey
2026-03-14 14:51:11.508 -07:00 [INF] Request starting HTTP/1.1 GET http://localhost:5008/swagger/index.html - null null
2026-03-14 14:51:11.779 -07:00 [INF] HTTP GET /swagger/index.html responded 200 in 207.7549 ms
2026-03-14 14:51:11.807 -07:00 [INF] Request finished HTTP/1.1 GET http://localhost:5008/swagger/index.html - 200 null text/html;charset=utf-8 301.9218ms
2026-03-14 14:51:11.975 -07:00 [INF] Request starting HTTP/1.1 GET http://localhost:5008/swagger/v1/swagger.json - null null
2026-03-14 14:51:12.787 -07:00 [INF] HTTP GET /swagger/v1/swagger.json responded 200 in 811.6344 ms
2026-03-14 14:51:12.787 -07:00 [INF] Request finished HTTP/1.1 GET http://localhost:5008/swagger/v1/swagger.json - 200 null application/json;charset=utf-8 812.6713ms
2026-03-14 14:55:01.444 -07:00 [INF] Request starting HTTP/1.1 OPTIONS http://localhost:5008/api/auth/login - null null
2026-03-14 14:55:01.624 -07:00 [WRN] Failed to determine the https port for redirect.
2026-03-14 14:55:02.358 -07:00 [INF] Executing endpoint '405 HTTP Method Not Supported'
2026-03-14 14:55:02.359 -07:00 [INF] Executed endpoint '405 HTTP Method Not Supported'
2026-03-14 14:55:02.359 -07:00 [INF] HTTP OPTIONS /api/auth/login responded 405 in 767.2553 ms
2026-03-14 14:55:02.364 -07:00 [INF] Request finished HTTP/1.1 OPTIONS http://localhost:5008/api/auth/login - 405 0 null 920.4263ms
2026-03-14 14:57:47.116 -07:00 [INF] Application is shutting down...
2026-03-14 14:57:53.790 -07:00 [INF] Executed DbCommand (75ms) [Parameters=[], CommandType='"Text"', CommandTimeout='30']
ALTER TABLE `Roles` MODIFY COLUMN `Id` INT NOT NULL AUTO_INCREMENT
2026-03-14 14:57:53.833 -07:00 [INF] Executed DbCommand (13ms) [Parameters=[], CommandType='"Text"', CommandTimeout='30']
ALTER TABLE `Users` MODIFY COLUMN `Id` INT NOT NULL AUTO_INCREMENT
2026-03-14 14:57:53.872 -07:00 [INF] Executed DbCommand (39ms) [Parameters=[], CommandType='"Text"', CommandTimeout='30']
ALTER TABLE `Surveys` MODIFY COLUMN `Id` INT NOT NULL AUTO_INCREMENT
2026-03-14 14:57:53.897 -07:00 [INF] Executed DbCommand (24ms) [Parameters=[], CommandType='"Text"', CommandTimeout='30']
ALTER TABLE `Questions` MODIFY COLUMN `Id` INT NOT NULL AUTO_INCREMENT
2026-03-14 14:57:53.910 -07:00 [INF] Executed DbCommand (13ms) [Parameters=[], CommandType='"Text"', CommandTimeout='30']
ALTER TABLE `SurveyResponses` MODIFY COLUMN `Id` INT NOT NULL AUTO_INCREMENT
2026-03-14 14:57:53.919 -07:00 [INF] Executed DbCommand (8ms) [Parameters=[], CommandType='"Text"', CommandTimeout='30']
ALTER TABLE `Answers` MODIFY COLUMN `Id` INT NOT NULL AUTO_INCREMENT
2026-03-14 14:57:54.055 -07:00 [INF] Executed DbCommand (4ms) [Parameters=[], CommandType='"Text"', CommandTimeout='30']
SELECT EXISTS (
    SELECT 1
    FROM `Roles` AS `r`)
2026-03-14 14:57:54.131 -07:00 [INF] Executed DbCommand (1ms) [Parameters=[], CommandType='"Text"', CommandTimeout='30']
SELECT `r`.`Id`, `r`.`Name`
FROM `Roles` AS `r`
WHERE `r`.`Name` = 'Admin'
LIMIT 1
2026-03-14 14:57:54.197 -07:00 [INF] Executed DbCommand (17ms) [Parameters=[@__adminRole_Id_0='?' (DbType = Int32)], CommandType='"Text"', CommandTimeout='30']
SELECT EXISTS (
    SELECT 1
    FROM `Users` AS `u`
    WHERE `u`.`RoleId` = @__adminRole_Id_0)
2026-03-14 14:57:54.210 -07:00 [INF] User profile is available. Using 'C:\Users\shari\AppData\Local\ASP.NET\DataProtection-Keys' as key repository and Windows DPAPI to encrypt keys at rest.
2026-03-14 14:57:54.250 -07:00 [INF] Now listening on: http://localhost:5008
2026-03-14 14:57:54.251 -07:00 [INF] Application started. Press Ctrl+C to shut down.
2026-03-14 14:57:54.251 -07:00 [INF] Hosting environment: Development
2026-03-14 14:57:54.251 -07:00 [INF] Content root path: C:\Users\shari\NetProjects\survey
2026-03-14 14:58:03.327 -07:00 [INF] Request starting HTTP/1.1 POST http://localhost:5008/api/Auth/login - application/json 57
2026-03-14 14:58:03.378 -07:00 [WRN] Failed to determine the https port for redirect.
2026-03-14 14:58:03.407 -07:00 [INF] Executing endpoint 'SurveyApi.Controllers.AuthController.Login (SurveyApi)'
2026-03-14 14:58:03.433 -07:00 [INF] Route matched with {action = "Login", controller = "Auth"}. Executing controller action with signature System.Threading.Tasks.Task`1[Microsoft.AspNetCore.Mvc.IActionResult] Login(SurveyApi.DTOs.Auth.LoginDto) on controller SurveyApi.Controllers.AuthController (SurveyApi).
2026-03-14 14:58:03.583 -07:00 [INF] Executed DbCommand (4ms) [Parameters=[@__dto_Email_0='?' (Size = 256)], CommandType='"Text"', CommandTimeout='30']
SELECT `u`.`Id`, `u`.`CreatedAt`, `u`.`Email`, `u`.`FullName`, `u`.`PasswordHash`, `u`.`RoleId`, `r`.`Id`, `r`.`Name`
FROM `Users` AS `u`
INNER JOIN `Roles` AS `r` ON `u`.`RoleId` = `r`.`Id`
WHERE `u`.`Email` = @__dto_Email_0
LIMIT 1
2026-03-14 14:58:03.595 -07:00 [INF] Executing UnauthorizedObjectResult, writing value of type 'System.String'.
2026-03-14 14:58:03.601 -07:00 [INF] Executed action SurveyApi.Controllers.AuthController.Login (SurveyApi) in 164.0447ms
2026-03-14 14:58:03.603 -07:00 [INF] Executed endpoint 'SurveyApi.Controllers.AuthController.Login (SurveyApi)'
2026-03-14 14:58:03.607 -07:00 [INF] HTTP POST /api/Auth/login responded 401 in 246.6371 ms
2026-03-14 14:58:03.614 -07:00 [INF] Request finished HTTP/1.1 POST http://localhost:5008/api/Auth/login - 401 null text/plain; charset=utf-8 288.8256ms
2026-03-14 15:01:12.874 -07:00 [INF] Request starting HTTP/1.1 POST http://localhost:5008/api/Auth/login - application/json 57
2026-03-14 15:01:12.915 -07:00 [INF] Executing endpoint 'SurveyApi.Controllers.AuthController.Login (SurveyApi)'
2026-03-14 15:01:12.916 -07:00 [INF] Route matched with {action = "Login", controller = "Auth"}. Executing controller action with signature System.Threading.Tasks.Task`1[Microsoft.AspNetCore.Mvc.IActionResult] Login(SurveyApi.DTOs.Auth.LoginDto) on controller SurveyApi.Controllers.AuthController (SurveyApi).
2026-03-14 15:01:13.075 -07:00 [INF] Executed DbCommand (3ms) [Parameters=[@__dto_Email_0='?' (Size = 256)], CommandType='"Text"', CommandTimeout='30']
SELECT `u`.`Id`, `u`.`CreatedAt`, `u`.`Email`, `u`.`FullName`, `u`.`PasswordHash`, `u`.`RoleId`, `r`.`Id`, `r`.`Name`
FROM `Users` AS `u`
INNER JOIN `Roles` AS `r` ON `u`.`RoleId` = `r`.`Id`
WHERE `u`.`Email` = @__dto_Email_0
LIMIT 1
2026-03-14 15:01:13.082 -07:00 [INF] Executing UnauthorizedObjectResult, writing value of type 'System.String'.
2026-03-14 15:01:13.083 -07:00 [INF] Executed action SurveyApi.Controllers.AuthController.Login (SurveyApi) in 166.6011ms
2026-03-14 15:01:13.083 -07:00 [INF] Executed endpoint 'SurveyApi.Controllers.AuthController.Login (SurveyApi)'
2026-03-14 15:01:13.083 -07:00 [INF] HTTP POST /api/Auth/login responded 401 in 178.1663 ms
2026-03-14 15:01:13.084 -07:00 [INF] Request finished HTTP/1.1 POST http://localhost:5008/api/Auth/login - 401 null text/plain; charset=utf-8 209.8326ms
2026-03-14 15:01:21.032 -07:00 [INF] Request starting HTTP/1.1 OPTIONS http://localhost:5008/api/auth/login - null null
2026-03-14 15:01:21.036 -07:00 [INF] Executing endpoint '405 HTTP Method Not Supported'
2026-03-14 15:01:21.036 -07:00 [INF] Executed endpoint '405 HTTP Method Not Supported'
2026-03-14 15:01:21.036 -07:00 [INF] HTTP OPTIONS /api/auth/login responded 405 in 3.5453 ms
2026-03-14 15:01:21.036 -07:00 [INF] Request finished HTTP/1.1 OPTIONS http://localhost:5008/api/auth/login - 405 0 null 4.092ms
2026-03-14 15:01:34.754 -07:00 [INF] Application is shutting down...
2026-03-14 15:01:43.296 -07:00 [INF] Executed DbCommand (33ms) [Parameters=[], CommandType='"Text"', CommandTimeout='30']
ALTER TABLE `Roles` MODIFY COLUMN `Id` INT NOT NULL AUTO_INCREMENT
2026-03-14 15:01:43.330 -07:00 [INF] Executed DbCommand (10ms) [Parameters=[], CommandType='"Text"', CommandTimeout='30']
ALTER TABLE `Users` MODIFY COLUMN `Id` INT NOT NULL AUTO_INCREMENT
2026-03-14 15:01:43.340 -07:00 [INF] Executed DbCommand (9ms) [Parameters=[], CommandType='"Text"', CommandTimeout='30']
ALTER TABLE `Surveys` MODIFY COLUMN `Id` INT NOT NULL AUTO_INCREMENT
2026-03-14 15:01:43.351 -07:00 [INF] Executed DbCommand (11ms) [Parameters=[], CommandType='"Text"', CommandTimeout='30']
ALTER TABLE `Questions` MODIFY COLUMN `Id` INT NOT NULL AUTO_INCREMENT
2026-03-14 15:01:43.359 -07:00 [INF] Executed DbCommand (7ms) [Parameters=[], CommandType='"Text"', CommandTimeout='30']
ALTER TABLE `SurveyResponses` MODIFY COLUMN `Id` INT NOT NULL AUTO_INCREMENT
2026-03-14 15:01:43.365 -07:00 [INF] Executed DbCommand (6ms) [Parameters=[], CommandType='"Text"', CommandTimeout='30']
ALTER TABLE `Answers` MODIFY COLUMN `Id` INT NOT NULL AUTO_INCREMENT
2026-03-14 15:01:43.496 -07:00 [INF] Executed DbCommand (3ms) [Parameters=[], CommandType='"Text"', CommandTimeout='30']
SELECT EXISTS (
    SELECT 1
    FROM `Roles` AS `r`)
2026-03-14 15:01:43.542 -07:00 [INF] Executed DbCommand (1ms) [Parameters=[], CommandType='"Text"', CommandTimeout='30']
SELECT `r`.`Id`, `r`.`Name`
FROM `Roles` AS `r`
WHERE `r`.`Name` = 'Admin'
LIMIT 1
2026-03-14 15:01:43.597 -07:00 [INF] Executed DbCommand (18ms) [Parameters=[@__adminRole_Id_0='?' (DbType = Int32)], CommandType='"Text"', CommandTimeout='30']
SELECT EXISTS (
    SELECT 1
    FROM `Users` AS `u`
    WHERE `u`.`RoleId` = @__adminRole_Id_0)
2026-03-14 15:01:43.610 -07:00 [INF] User profile is available. Using 'C:\Users\shari\AppData\Local\ASP.NET\DataProtection-Keys' as key repository and Windows DPAPI to encrypt keys at rest.
2026-03-14 15:01:43.675 -07:00 [INF] Now listening on: http://localhost:5008
2026-03-14 15:01:43.676 -07:00 [INF] Application started. Press Ctrl+C to shut down.
2026-03-14 15:01:43.676 -07:00 [INF] Hosting environment: Development
2026-03-14 15:01:43.676 -07:00 [INF] Content root path: C:\Users\shari\NetProjects\survey
2026-03-14 15:01:54.588 -07:00 [INF] Request starting HTTP/1.1 OPTIONS http://localhost:5008/api/auth/login - null null
2026-03-14 15:01:54.634 -07:00 [INF] CORS policy execution successful.
2026-03-14 15:01:54.644 -07:00 [INF] Request finished HTTP/1.1 OPTIONS http://localhost:5008/api/auth/login - 204 null null 57.1613ms
2026-03-14 15:01:54.647 -07:00 [INF] Request starting HTTP/1.1 POST http://localhost:5008/api/auth/login - application/json 53
2026-03-14 15:01:54.651 -07:00 [INF] CORS policy execution successful.
2026-03-14 15:01:54.677 -07:00 [WRN] Failed to determine the https port for redirect.
2026-03-14 15:01:54.714 -07:00 [INF] Executing endpoint 'SurveyApi.Controllers.AuthController.Login (SurveyApi)'
2026-03-14 15:01:54.741 -07:00 [INF] Route matched with {action = "Login", controller = "Auth"}. Executing controller action with signature System.Threading.Tasks.Task`1[Microsoft.AspNetCore.Mvc.IActionResult] Login(SurveyApi.DTOs.Auth.LoginDto) on controller SurveyApi.Controllers.AuthController (SurveyApi).
2026-03-14 15:01:54.949 -07:00 [INF] Executed DbCommand (2ms) [Parameters=[@__dto_Email_0='?' (Size = 256)], CommandType='"Text"', CommandTimeout='30']
SELECT `u`.`Id`, `u`.`CreatedAt`, `u`.`Email`, `u`.`FullName`, `u`.`PasswordHash`, `u`.`RoleId`, `r`.`Id`, `r`.`Name`
FROM `Users` AS `u`
INNER JOIN `Roles` AS `r` ON `u`.`RoleId` = `r`.`Id`
WHERE `u`.`Email` = @__dto_Email_0
LIMIT 1
2026-03-14 15:01:54.969 -07:00 [INF] Executing UnauthorizedObjectResult, writing value of type 'System.String'.
2026-03-14 15:01:54.995 -07:00 [INF] Executed action SurveyApi.Controllers.AuthController.Login (SurveyApi) in 247.0548ms
2026-03-14 15:01:55.002 -07:00 [INF] Executed endpoint 'SurveyApi.Controllers.AuthController.Login (SurveyApi)'
2026-03-14 15:01:55.020 -07:00 [INF] HTTP POST /api/auth/login responded 401 in 363.9545 ms
2026-03-14 15:01:55.049 -07:00 [INF] Request finished HTTP/1.1 POST http://localhost:5008/api/auth/login - 401 null text/plain; charset=utf-8 401.0588ms
